2017-01-24 13:20:22,949 INFO  [AssignmentTest] Opening Browser 
2017-01-24 13:20:27,696 INFO  [AssignmentTest] Browser Opened successfully 
2017-01-24 13:20:27,722 INFO  [HomePage] Home page launched Sucessfully... 
2017-01-24 13:20:27,723 INFO  [AssignmentTest] validate Home page Successfully..... 
2017-01-24 13:20:27,728 INFO  [HomePage] Clearing searchBox... 
2017-01-24 13:20:27,771 INFO  [HomePage] Entering vector value in the  searchBox... 
2017-01-24 13:20:27,831 INFO  [HomePage] Clicking on Go button... 
2017-01-24 13:20:31,517 INFO  [AssignmentTest] Attacked with XSS value=<script> 
2017-01-24 13:20:31,586 INFO  [FeedBackPage] FeedBackPage launched Sucessfully... 
2017-01-24 13:20:31,586 INFO  [AssignmentTest] validate FeedBack Page Successfully..... 
2017-01-24 13:20:31,734 INFO  [AssignmentTest] Save the results in Properties file 
2017-01-24 13:20:31,793 INFO  [AssignmentTest] Navigate to Previous page 
2017-01-24 13:20:32,348 INFO  [AssignmentTest] Refresh the browser 
2017-01-24 13:20:32,352 INFO  [HomePage] Clearing searchBox... 
2017-01-24 13:20:32,387 INFO  [HomePage] Entering vector value in the  searchBox... 
2017-01-24 13:20:32,472 INFO  [HomePage] Clicking on Go button... 
2017-01-24 13:20:32,813 INFO  [AssignmentTest] Attacked with XSS value=<script>alert("hi")</script> 
2017-01-24 13:20:32,861 INFO  [FeedBackPage] FeedBackPage launched Sucessfully... 
2017-01-24 13:20:32,861 INFO  [AssignmentTest] Validate FeedBack Page Successfully..... 
2017-01-24 13:20:32,931 INFO  [AssignmentTest] Save the results in Properties file 
2017-01-24 13:20:32,933 INFO  [AssignmentTest] Closing Browser 
2017-01-24 13:20:35,307 INFO  [AssignmentTest] Browser Closed Successfully 
2017-01-24 13:37:47,027 INFO  [AssignmentTest] Opening Browser 
2017-01-24 13:37:52,806 INFO  [AssignmentTest] Browser Opened successfully 
2017-01-24 13:37:52,872 INFO  [HomePage] Home page launched Sucessfully... 
2017-01-24 13:37:52,872 INFO  [AssignmentTest] validate Home page Successfully..... 
2017-01-24 13:37:52,877 INFO  [HomePage] Clearing searchBox... 
2017-01-24 13:37:52,922 INFO  [HomePage] Entering vector value in the  searchBox... 
2017-01-24 13:37:52,979 INFO  [HomePage] Clicking on Go button... 
2017-01-24 13:37:54,904 INFO  [AssignmentTest] Attacked with XSS value=<script> 
2017-01-24 13:37:54,958 INFO  [FeedBackPage] FeedBackPage launched Sucessfully... 
2017-01-24 13:37:54,958 INFO  [AssignmentTest] validate FeedBack Page Successfully..... 
2017-01-24 13:37:55,083 INFO  [AssignmentTest] Save the results in Properties file 
2017-01-24 13:37:55,133 INFO  [AssignmentTest] Navigate to Previous page 
2017-01-24 13:37:56,346 INFO  [AssignmentTest] Refresh the browser 
2017-01-24 13:37:56,353 INFO  [HomePage] Clearing searchBox... 
2017-01-24 13:37:56,393 INFO  [HomePage] Entering vector value in the  searchBox... 
2017-01-24 13:37:56,504 INFO  [HomePage] Clicking on Go button... 
2017-01-24 13:37:57,444 INFO  [AssignmentTest] Attacked with XSS value=<script>alert("hi")</script> 
2017-01-24 13:37:57,494 INFO  [FeedBackPage] FeedBackPage launched Sucessfully... 
2017-01-24 13:37:57,494 INFO  [AssignmentTest] Validate FeedBack Page Successfully..... 
2017-01-24 13:37:57,568 INFO  [AssignmentTest] Save the results in Properties file 
2017-01-24 13:37:57,570 INFO  [AssignmentTest] Closing Browser 
2017-01-24 13:37:59,888 INFO  [AssignmentTest] Browser Closed Successfully 
2017-01-24 13:47:16,184 INFO  [AssignmentTest] Browser Opened successfully 
2017-01-24 13:47:16,223 INFO  [HomePage] Home page launched Sucessfully... 
2017-01-24 13:47:16,223 INFO  [AssignmentTest] validate Home page Successfully..... 
2017-01-24 13:47:16,227 INFO  [HomePage] Clearing searchBox... 
2017-01-24 13:47:16,297 INFO  [HomePage] Entering vector value in the  searchBox... 
2017-01-24 13:47:16,374 INFO  [HomePage] Clicking on Go button... 
2017-01-24 13:47:20,609 INFO  [AssignmentTest] Attacked with XSS value=<script> 
2017-01-24 13:47:20,661 INFO  [FeedBackPage] FeedBackPage launched Sucessfully... 
2017-01-24 13:47:20,661 INFO  [AssignmentTest] validate FeedBack Page Successfully..... 
2017-01-24 13:47:20,783 INFO  [AssignmentTest] Save the results in Properties file 
2017-01-24 13:47:20,831 INFO  [AssignmentTest] Navigate to Previous page 
2017-01-24 13:47:21,864 INFO  [AssignmentTest] Refresh the browser 
2017-01-24 13:47:21,869 INFO  [HomePage] Clearing searchBox... 
2017-01-24 13:47:21,909 INFO  [HomePage] Entering vector value in the  searchBox... 
2017-01-24 13:47:21,988 INFO  [HomePage] Clicking on Go button... 
2017-01-24 13:47:22,890 INFO  [AssignmentTest] Attacked with XSS value=<script>alert("hi")</script> 
2017-01-24 13:47:22,938 INFO  [FeedBackPage] FeedBackPage launched Sucessfully... 
2017-01-24 13:47:22,939 INFO  [AssignmentTest] Validate FeedBack Page Successfully..... 
2017-01-24 13:47:23,012 INFO  [AssignmentTest] Save the results in Properties file 
2017-01-24 13:47:25,337 INFO  [AssignmentTest] Browser Closed Successfully 
